2026-01-08 15:07:33 ERROR homeplanner.system Diagnostic: ERROR level test
2026-01-08 15:08:37 ERROR homeplanner.system Diagnostic: ERROR level test
2026-01-08 15:08:37 ERROR homeplanner.system Test ERROR log in main.py to check if ERROR messages are written
2026-01-08 15:08:37 ERROR homeplanner.system Test ERROR log in main.py to check if ERROR messages are written
2026-01-08 15:10:35 ERROR homeplanner.system Diagnostic: ERROR level test
2026-01-08 15:10:35 ERROR homeplanner.system Test ERROR log in main.py to check if ERROR messages are written
2026-01-08 15:10:35 ERROR homeplanner.system Test ERROR log in main.py to check if ERROR messages are written
2026-01-08 15:15:25 ERROR homeplanner.system Diagnostic: ERROR level test
2026-01-08 15:15:25 ERROR homeplanner.system Test ERROR log in main.py to check if ERROR messages are written
2026-01-08 15:15:25 ERROR homeplanner.system Test ERROR log in main.py to check if ERROR messages are written
2026-01-08 15:15:41 ERROR homeplanner.system Diagnostic: ERROR level test
2026-01-08 15:15:41 ERROR homeplanner.system Test ERROR log in main.py to check if ERROR messages are written
2026-01-08 15:15:41 ERROR homeplanner.system Test ERROR log in main.py to check if ERROR messages are written
2026-01-08 15:16:09 ERROR homeplanner.system Diagnostic: ERROR level test
2026-01-08 15:16:09 ERROR homeplanner.system Test ERROR log in main.py to check if ERROR messages are written
2026-01-08 15:16:09 ERROR homeplanner.system Test ERROR log in main.py to check if ERROR messages are written
2026-01-08 15:16:28 ERROR homeplanner.system Diagnostic: ERROR level test
2026-01-08 15:16:28 ERROR homeplanner.system Test ERROR log in main.py to check if ERROR messages are written
2026-01-08 15:16:28 ERROR homeplanner.system Test ERROR log in main.py to check if ERROR messages are written
2026-01-08 15:17:12 ERROR homeplanner.system Unhandled exception in FastAPI app: TaskService.get_all_tasks() got an unexpected keyword argument 'active_only'
Traceback (most recent call last):
  File "/mnt/ZFS/Dev/HomePlanner/.venv/lib/python3.12/site-packages/starlette/middleware/errors.py", line 164, in __call__
    await self.app(scope, receive, _send)
  File "/mnt/ZFS/Dev/HomePlanner/.venv/lib/python3.12/site-packages/starlette/middleware/cors.py", line 85, in __call__
    await self.app(scope, receive, send)
  File "/mnt/ZFS/Dev/HomePlanner/.venv/lib/python3.12/site-packages/starlette/middleware/exceptions.py", line 63, in __call__
    await wrap_app_handling_exceptions(self.app, conn)(scope, receive, send)
  File "/mnt/ZFS/Dev/HomePlanner/.venv/lib/python3.12/site-packages/starlette/_exception_handler.py", line 53, in wrapped_app
    raise exc
  File "/mnt/ZFS/Dev/HomePlanner/.venv/lib/python3.12/site-packages/starlette/_exception_handler.py", line 42, in wrapped_app
    await app(scope, receive, sender)
  File "/mnt/ZFS/Dev/HomePlanner/.venv/lib/python3.12/site-packages/fastapi/middleware/asyncexitstack.py", line 18, in __call__
    await self.app(scope, receive, send)
  File "/mnt/ZFS/Dev/HomePlanner/.venv/lib/python3.12/site-packages/starlette/routing.py", line 716, in __call__
    await self.middleware_stack(scope, receive, send)
  File "/mnt/ZFS/Dev/HomePlanner/.venv/lib/python3.12/site-packages/starlette/routing.py", line 736, in app
    await route.handle(scope, receive, send)
  File "/mnt/ZFS/Dev/HomePlanner/.venv/lib/python3.12/site-packages/starlette/routing.py", line 290, in handle
    await self.app(scope, receive, send)
  File "/mnt/ZFS/Dev/HomePlanner/.venv/lib/python3.12/site-packages/fastapi/routing.py", line 125, in app
    await wrap_app_handling_exceptions(app, request)(scope, receive, send)
  File "/mnt/ZFS/Dev/HomePlanner/.venv/lib/python3.12/site-packages/starlette/_exception_handler.py", line 53, in wrapped_app
    raise exc
  File "/mnt/ZFS/Dev/HomePlanner/.venv/lib/python3.12/site-packages/starlette/_exception_handler.py", line 42, in wrapped_app
    await app(scope, receive, sender)
  File "/mnt/ZFS/Dev/HomePlanner/.venv/lib/python3.12/site-packages/fastapi/routing.py", line 111, in app
    response = await f(request)
               ^^^^^^^^^^^^^^^^
  File "/mnt/ZFS/Dev/HomePlanner/.venv/lib/python3.12/site-packages/fastapi/routing.py", line 391, in app
    raw_response = await run_endpoint_function(
                   ^^^^^^^^^^^^^^^^^^^^^^^^^^^^
  File "/mnt/ZFS/Dev/HomePlanner/.venv/lib/python3.12/site-packages/fastapi/routing.py", line 292, in run_endpoint_function
    return await run_in_threadpool(dependant.call, **values)
           ^^^^^^^^^^^^^^^^^^^^^^^^^^^^^^^^^^^^^^^^^^^^^^^^^
  File "/mnt/ZFS/Dev/HomePlanner/.venv/lib/python3.12/site-packages/starlette/concurrency.py", line 38, in run_in_threadpool
    return await anyio.to_thread.run_sync(func)
           ^^^^^^^^^^^^^^^^^^^^^^^^^^^^^^^^^^^^
  File "/mnt/ZFS/Dev/HomePlanner/.venv/lib/python3.12/site-packages/anyio/to_thread.py", line 56, in run_sync
    return await get_async_backend().run_sync_in_worker_thread(
           ^^^^^^^^^^^^^^^^^^^^^^^^^^^^^^^^^^^^^^^^^^^^^^^^^^^^
  File "/mnt/ZFS/Dev/HomePlanner/.venv/lib/python3.12/site-packages/anyio/_backends/_asyncio.py", line 2485, in run_sync_in_worker_thread
    return await future
           ^^^^^^^^^^^^
  File "/mnt/ZFS/Dev/HomePlanner/.venv/lib/python3.12/site-packages/anyio/_backends/_asyncio.py", line 976, in run
    result = context.run(func, *args)
             ^^^^^^^^^^^^^^^^^^^^^^^^
  File "/mnt/ZFS/Dev/HomePlanner/backend/routers/tasks.py", line 323, in sync_task_queue
    tasks = TaskService.get_all_tasks(db, active_only=False)
            ^^^^^^^^^^^^^^^^^^^^^^^^^^^^^^^^^^^^^^^^^^^^^^^^
TypeError: TaskService.get_all_tasks() got an unexpected keyword argument 'active_only'
2026-01-08 15:17:13 ERROR homeplanner.system Unhandled exception in FastAPI app: TaskService.get_all_tasks() got an unexpected keyword argument 'active_only'
Traceback (most recent call last):
  File "/mnt/ZFS/Dev/HomePlanner/.venv/lib/python3.12/site-packages/starlette/middleware/errors.py", line 164, in __call__
    await self.app(scope, receive, _send)
  File "/mnt/ZFS/Dev/HomePlanner/.venv/lib/python3.12/site-packages/starlette/middleware/cors.py", line 85, in __call__
    await self.app(scope, receive, send)
  File "/mnt/ZFS/Dev/HomePlanner/.venv/lib/python3.12/site-packages/starlette/middleware/exceptions.py", line 63, in __call__
    await wrap_app_handling_exceptions(self.app, conn)(scope, receive, send)
  File "/mnt/ZFS/Dev/HomePlanner/.venv/lib/python3.12/site-packages/starlette/_exception_handler.py", line 53, in wrapped_app
    raise exc
  File "/mnt/ZFS/Dev/HomePlanner/.venv/lib/python3.12/site-packages/starlette/_exception_handler.py", line 42, in wrapped_app
    await app(scope, receive, sender)
  File "/mnt/ZFS/Dev/HomePlanner/.venv/lib/python3.12/site-packages/fastapi/middleware/asyncexitstack.py", line 18, in __call__
    await self.app(scope, receive, send)
  File "/mnt/ZFS/Dev/HomePlanner/.venv/lib/python3.12/site-packages/starlette/routing.py", line 716, in __call__
    await self.middleware_stack(scope, receive, send)
  File "/mnt/ZFS/Dev/HomePlanner/.venv/lib/python3.12/site-packages/starlette/routing.py", line 736, in app
    await route.handle(scope, receive, send)
  File "/mnt/ZFS/Dev/HomePlanner/.venv/lib/python3.12/site-packages/starlette/routing.py", line 290, in handle
    await self.app(scope, receive, send)
  File "/mnt/ZFS/Dev/HomePlanner/.venv/lib/python3.12/site-packages/fastapi/routing.py", line 125, in app
    await wrap_app_handling_exceptions(app, request)(scope, receive, send)
  File "/mnt/ZFS/Dev/HomePlanner/.venv/lib/python3.12/site-packages/starlette/_exception_handler.py", line 53, in wrapped_app
    raise exc
  File "/mnt/ZFS/Dev/HomePlanner/.venv/lib/python3.12/site-packages/starlette/_exception_handler.py", line 42, in wrapped_app
    await app(scope, receive, sender)
  File "/mnt/ZFS/Dev/HomePlanner/.venv/lib/python3.12/site-packages/fastapi/routing.py", line 111, in app
    response = await f(request)
               ^^^^^^^^^^^^^^^^
  File "/mnt/ZFS/Dev/HomePlanner/.venv/lib/python3.12/site-packages/fastapi/routing.py", line 391, in app
    raw_response = await run_endpoint_function(
                   ^^^^^^^^^^^^^^^^^^^^^^^^^^^^
  File "/mnt/ZFS/Dev/HomePlanner/.venv/lib/python3.12/site-packages/fastapi/routing.py", line 292, in run_endpoint_function
    return await run_in_threadpool(dependant.call, **values)
           ^^^^^^^^^^^^^^^^^^^^^^^^^^^^^^^^^^^^^^^^^^^^^^^^^
  File "/mnt/ZFS/Dev/HomePlanner/.venv/lib/python3.12/site-packages/starlette/concurrency.py", line 38, in run_in_threadpool
    return await anyio.to_thread.run_sync(func)
           ^^^^^^^^^^^^^^^^^^^^^^^^^^^^^^^^^^^^
  File "/mnt/ZFS/Dev/HomePlanner/.venv/lib/python3.12/site-packages/anyio/to_thread.py", line 56, in run_sync
    return await get_async_backend().run_sync_in_worker_thread(
           ^^^^^^^^^^^^^^^^^^^^^^^^^^^^^^^^^^^^^^^^^^^^^^^^^^^^
  File "/mnt/ZFS/Dev/HomePlanner/.venv/lib/python3.12/site-packages/anyio/_backends/_asyncio.py", line 2485, in run_sync_in_worker_thread
    return await future
           ^^^^^^^^^^^^
  File "/mnt/ZFS/Dev/HomePlanner/.venv/lib/python3.12/site-packages/anyio/_backends/_asyncio.py", line 976, in run
    result = context.run(func, *args)
             ^^^^^^^^^^^^^^^^^^^^^^^^
  File "/mnt/ZFS/Dev/HomePlanner/backend/routers/tasks.py", line 323, in sync_task_queue
    tasks = TaskService.get_all_tasks(db, active_only=False)
            ^^^^^^^^^^^^^^^^^^^^^^^^^^^^^^^^^^^^^^^^^^^^^^^^
TypeError: TaskService.get_all_tasks() got an unexpected keyword argument 'active_only'
2026-01-08 15:17:51 ERROR homeplanner.system Diagnostic: ERROR level test
2026-01-08 15:17:51 ERROR homeplanner.system Test ERROR log in main.py to check if ERROR messages are written
2026-01-08 15:17:51 ERROR homeplanner.system Test ERROR log in main.py to check if ERROR messages are written
2026-01-08 16:37:22 ERROR homeplanner.system Diagnostic: ERROR level test
2026-01-08 16:37:22 ERROR homeplanner.system Test ERROR log in main.py to check if ERROR messages are written
2026-01-08 16:37:22 ERROR homeplanner.system Test ERROR log in main.py to check if ERROR messages are written
2026-01-08 16:37:26 ERROR homeplanner.system Diagnostic: ERROR level test
2026-01-08 16:37:26 ERROR homeplanner.system Test ERROR log in main.py to check if ERROR messages are written
2026-01-08 16:37:26 ERROR homeplanner.system Test ERROR log in main.py to check if ERROR messages are written
2026-01-08 16:38:35 ERROR homeplanner.system Diagnostic: ERROR level test
2026-01-08 16:38:35 ERROR homeplanner.system Test ERROR log in main.py to check if ERROR messages are written
2026-01-08 16:38:35 ERROR homeplanner.system Test ERROR log in main.py to check if ERROR messages are written
2026-01-08 16:38:54 ERROR homeplanner.system Diagnostic: ERROR level test
2026-01-08 16:38:54 ERROR homeplanner.system Test ERROR log in main.py to check if ERROR messages are written
2026-01-08 16:38:55 ERROR homeplanner.system Test ERROR log in main.py to check if ERROR messages are written
2026-01-08 16:41:29 ERROR homeplanner.system Diagnostic: ERROR level test
2026-01-08 16:41:29 ERROR homeplanner.system Test ERROR log in main.py to check if ERROR messages are written
2026-01-08 16:41:29 ERROR homeplanner.system Test ERROR log in main.py to check if ERROR messages are written
2026-01-08 16:41:38 ERROR homeplanner.system Diagnostic: ERROR level test
2026-01-08 16:41:38 ERROR homeplanner.system Test ERROR log in main.py to check if ERROR messages are written
2026-01-08 16:41:38 ERROR homeplanner.system Test ERROR log in main.py to check if ERROR messages are written
2026-01-08 17:19:46 ERROR homeplanner.system Diagnostic: ERROR level test
2026-01-08 17:19:46 ERROR homeplanner.system Test ERROR log in main.py to check if ERROR messages are written
2026-01-08 17:19:46 ERROR homeplanner.system Test ERROR log in main.py to check if ERROR messages are written
2026-01-08 18:51:31 ERROR homeplanner.system Diagnostic: ERROR level test
2026-01-08 18:51:31 ERROR homeplanner.system Test ERROR log in main.py to check if ERROR messages are written
2026-01-08 18:51:33 ERROR homeplanner.system Diagnostic: ERROR level test
2026-01-08 18:51:33 ERROR homeplanner.system Test ERROR log in main.py to check if ERROR messages are written
2026-01-08 18:51:33 ERROR homeplanner.system Test ERROR log in main.py to check if ERROR messages are written
2026-01-08 19:03:15 ERROR homeplanner.system Diagnostic: ERROR level test
2026-01-08 19:03:15 ERROR homeplanner.system Test ERROR log in main.py to check if ERROR messages are written
2026-01-08 19:03:41 ERROR homeplanner.system Diagnostic: ERROR level test
2026-01-08 19:03:41 ERROR homeplanner.system Test ERROR log in main.py to check if ERROR messages are written
2026-01-08 19:06:43 ERROR homeplanner.system Diagnostic: ERROR level test
2026-01-08 19:06:43 ERROR homeplanner.system Test ERROR log in main.py to check if ERROR messages are written
2026-01-08 19:07:31 ERROR homeplanner.system Diagnostic: ERROR level test
2026-01-08 19:07:31 ERROR homeplanner.system Test ERROR log in main.py to check if ERROR messages are written
2026-01-08 19:07:32 ERROR homeplanner.system Diagnostic: ERROR level test
2026-01-08 19:07:32 ERROR homeplanner.system Test ERROR log in main.py to check if ERROR messages are written
2026-01-08 19:07:33 ERROR homeplanner.system Test ERROR log in main.py to check if ERROR messages are written
2026-01-08 19:18:56 ERROR homeplanner.system Diagnostic: ERROR level test
2026-01-08 19:18:56 ERROR homeplanner.system Test ERROR log in main.py to check if ERROR messages are written
2026-01-08 19:18:56 ERROR homeplanner.system Test ERROR log in main.py to check if ERROR messages are written
2026-01-08 21:06:08 ERROR homeplanner.system Diagnostic: ERROR level test
2026-01-08 21:06:08 ERROR homeplanner.system Test ERROR log in main.py to check if ERROR messages are written
2026-01-08 21:06:09 ERROR homeplanner.system Diagnostic: ERROR level test
2026-01-08 21:06:09 ERROR homeplanner.system Test ERROR log in main.py to check if ERROR messages are written
2026-01-08 21:06:10 ERROR homeplanner.system Test ERROR log in main.py to check if ERROR messages are written
